Log file open, 01/16/19 14:12:05
LogWindows: Failed to load 'aqProf.dll' (GetLastError=126)
LogWindows: File 'aqProf.dll' does not exist
LogWindows: Failed to load 'VSPerf140.dll' (GetLastError=126)
LogWindows: File 'VSPerf140.dll' does not exist
LogWindows: Failed to load 'VtuneApi.dll' (GetLastError=126)
LogWindows: File 'VtuneApi.dll' does not exist
LogWindows: Failed to load 'VtuneApi32e.dll' (GetLastError=126)
LogWindows: File 'VtuneApi32e.dll' does not exist
LogInit: Display: Running engine for game: BJM_WhiteBoxInClass2
LogPlatformFile: Not using cached read wrapper
LogTaskGraph: Started task graph with 5 named threads and 23 total threads with 3 sets of task threads.
LogStats: Stats thread started at 0.280511
LogD3D11RHI: Loaded GFSDK_Aftermath_Lib.x64.dll
LogICUInternationalization: Display: ICU TimeZone Detection - Raw Offset: -7:00, Platform Override: ''
LogPluginManager: Mounting plugin Paper2D
LogPluginManager: Mounting plugin AISupport
LogPluginManager: Mounting plugin LightPropagationVolume
LogPluginManager: Mounting plugin CLionSourceCodeAccess
LogPluginManager: Mounting plugin CodeLiteSourceCodeAccess
LogPluginManager: Mounting plugin GitSourceControl
LogPluginManager: Mounting plugin KDevelopSourceCodeAccess
LogPluginManager: Mounting plugin NullSourceCodeAccess
LogPluginManager: Mounting plugin PerforceSourceControl
LogPluginManager: Mounting plugin SubversionSourceControl
LogPluginManager: Mounting plugin UObjectPlugin
LogPluginManager: Mounting plugin VisualStudioCodeSourceCodeAccess
LogPluginManager: Mounting plugin VisualStudioSourceCodeAccess
LogPluginManager: Mounting plugin XCodeSourceCodeAccess
LogPluginManager: Mounting plugin AssetManagerEditor
LogPluginManager: Mounting plugin CryptoKeys
LogPluginManager: Mounting plugin DataValidation
LogPluginManager: Mounting plugin FacialAnimation
LogPluginManager: Mounting plugin GameplayTagsEditor
LogPluginManager: Mounting plugin MacGraphicsSwitching
LogPluginManager: Mounting plugin MeshEditor
LogPluginManager: Mounting plugin MobileLauncherProfileWizard
LogPluginManager: Mounting plugin PluginBrowser
LogPluginManager: Mounting plugin SpeedTreeImporter
LogPluginManager: Mounting plugin DatasmithContent
LogPluginManager: Mounting plugin AlembicImporter
LogPluginManager: Mounting plugin AppleImageUtils
LogPluginManager: Mounting plugin AppleVision
LogPluginManager: Mounting plugin BackChannel
LogPluginManager: Mounting plugin CharacterAI
LogPluginManager: Mounting plugin GeometryCache
LogPluginManager: Mounting plugin HTML5Networking
LogPluginManager: Mounting plugin ProxyLODPlugin
LogPluginManager: Mounting plugin MagicLeap
LogPluginManager: Mounting plugin MagicLeapEmulator
LogPluginManager: Mounting plugin MagicLeapMedia
LogPluginManager: Mounting plugin AndroidMedia
LogPluginManager: Mounting plugin AvfMedia
LogPluginManager: Mounting plugin ImgMedia
LogPluginManager: Mounting plugin LinearTimecode
LogPluginManager: Mounting plugin MediaCompositing
LogPluginManager: Mounting plugin MediaPlayerEditor
LogPluginManager: Mounting plugin WmfMedia
LogPluginManager: Mounting plugin TcpMessaging
LogPluginManager: Mounting plugin UdpMessaging
LogPluginManager: Mounting plugin ActorSequence
LogPluginManager: Mounting plugin LevelSequenceEditor
LogPluginManager: Mounting plugin MatineeToLevelSequence
LogPluginManager: Mounting plugin NetcodeUnitTest
LogPluginManager: Mounting plugin NUTUnrealEngine4
LogPluginManager: Mounting plugin OnlineSubsystemGooglePlay
LogPluginManager: Mounting plugin OnlineSubsystemIOS
LogPluginManager: Mounting plugin OnlineSubsystem
LogPluginManager: Mounting plugin OnlineSubsystemNull
LogPluginManager: Mounting plugin OnlineSubsystemUtils
LogPluginManager: Mounting plugin LauncherChunkInstaller
LogPluginManager: Mounting plugin AndroidDeviceProfileSelector
LogPluginManager: Mounting plugin AndroidMoviePlayer
LogPluginManager: Mounting plugin AndroidPermission
LogPluginManager: Mounting plugin AppleMoviePlayer
LogPluginManager: Mounting plugin ArchVisCharacter
LogPluginManager: Mounting plugin AudioCapture
LogPluginManager: Mounting plugin CableComponent
LogPluginManager: Mounting plugin CustomMeshComponent
LogPluginManager: Mounting plugin EditableMesh
LogPluginManager: Mounting plugin ExampleDeviceProfileSelector
LogPluginManager: Mounting plugin GoogleCloudMessaging
LogPluginManager: Mounting plugin ImmediatePhysics
LogPluginManager: Mounting plugin IOSDeviceProfileSelector
LogPluginManager: Mounting plugin LinuxDeviceProfileSelector
LogPluginManager: Mounting plugin LocationServicesBPLibrary
LogPluginManager: Mounting plugin MobilePatchingUtils
LogPluginManager: Mounting plugin OculusVR
LogPluginManager: Plugin shader directory ../../../Engine/Plugins/Runtime/Oculus/OculusVR/Shaders found
LogPluginManager: Mapping shader source directory ../../../Engine/Plugins/Runtime/Oculus/OculusVR/Shaders to virtual directory /Plugin/OculusVR
LogPluginManager: Mounting plugin PhysXVehicles
LogPluginManager: Mounting plugin ProceduralMeshComponent
LogPluginManager: Mounting plugin RuntimePhysXCooking
LogPluginManager: Mounting plugin SteamVR
LogPluginManager: Mounting plugin WindowsMoviePlayer
LogStreaming: Display: Took  0.169s to configure plugins.
LogInit: Using libcurl 7.55.1-DEV
LogInit:  - built for x86_64-pc-win32
LogInit:  - supports SSL with OpenSSL/1.0.2h
LogInit:  - supports HTTP deflate (compression) using libz 1.2.8
LogInit:  - other features:
LogInit:      CURL_VERSION_SSL
LogInit:      CURL_VERSION_LIBZ
LogInit:      CURL_VERSION_IPV6
LogInit:      CURL_VERSION_ASYNCHDNS
LogInit:      CURL_VERSION_LARGEFILE
LogInit:      CURL_VERSION_IDN
LogInit:  CurlRequestOptions (configurable via config and command line):
LogInit:  - bVerifyPeer = false  - Libcurl will NOT verify peer certificate
LogInit:  - bUseHttpProxy = false  - Libcurl will NOT use HTTP proxy
LogInit:  - bDontReuseConnections = false  - Libcurl will reuse connections
LogInit:  - CertBundlePath = nullptr  - Libcurl will use whatever was configured at build time.
LogInit:  - MaxHostConnections = 16  - Libcurl will limit the number of connections to a host
LogInit:  - LocalHostAddr = Default
LogInit:  - BufferSize = 65536
LogInit: WinSock: version 1.1 (2.2), MaxSocks=32767, MaxUdp=65467
LogInit: Build: ++UE4+Release-4.20-CL-4369336
LogInit: Engine Version: 4.20.3-4369336+++UE4+Release-4.20
LogInit: Compatible Engine Version: 4.20.0-4212847+++UE4+Release-4.20
LogInit: Net CL: 4212847
LogInit: OS: Windows 10 (), CPU: Intel(R) Core(TM) i7-7700HQ CPU @ 2.80GHz, GPU: NVIDIA GeForce GTX 1060
LogInit: Compiled (64-bit): Sep 17 2018 12:26:19
LogInit: Compiled with Visual C++: 19.13.26129.00
LogInit: Build Configuration: Development
LogInit: Branch Name: ++UE4+Release-4.20
LogInit: Command Line: 
LogInit: Base Directory: D:/UE_4.20/Engine/Binaries/Win64/
LogInit: Installed Engine Build: 1
LogDevObjectVersion: Number of dev versions registered: 20
LogDevObjectVersion:   Dev-Blueprints (B0D832E4-1F89-4F0D-ACCF-7EB736FD4AA2): 10
LogDevObjectVersion:   Dev-Build (E1C64328-A22C-4D53-A36C-8E866417BD8C): 0
LogDevObjectVersion:   Dev-Core (375EC13C-06E4-48FB-B500-84F0262A717E): 2
LogDevObjectVersion:   Dev-Editor (E4B068ED-F494-42E9-A231-DA0B2E46BB41): 24
LogDevObjectVersion:   Dev-Framework (CFFC743F-43B0-4480-9391-14DF171D2073): 34
LogDevObjectVersion:   Dev-Mobile (B02B49B5-BB20-44E9-A304-32B752E40360): 2
LogDevObjectVersion:   Dev-Networking (A4E4105C-59A1-49B5-A7C5-40C4547EDFEE): 0
LogDevObjectVersion:   Dev-Online (39C831C9-5AE6-47DC-9A44-9C173E1C8E7C): 0
LogDevObjectVersion:   Dev-Physics (78F01B33-EBEA-4F98-B9B4-84EACCB95AA2): 0
LogDevObjectVersion:   Dev-Platform (6631380F-2D4D-43E0-8009-CF276956A95A): 0
LogDevObjectVersion:   Dev-Rendering (12F88B9F-8875-4AFC-A67C-D90C383ABD29): 26
LogDevObjectVersion:   Dev-Sequencer (7B5AE74C-D270-4C10-A958-57980B212A5A): 9
LogDevObjectVersion:   Dev-VR (D7296918-1DD6-4BDD-9DE2-64A83CC13884): 2
LogDevObjectVersion:   Dev-LoadTimes (C2A15278-BFE7-4AFE-6C17-90FF531DF755): 1
LogDevObjectVersion:   Private-Geometry (6EACA3D4-40EC-4CC1-B786-8BED09428FC5): 3
LogDevObjectVersion:   Dev-AnimPhys (29E575DD-E0A3-4627-9D10-D276232CDCEA): 17
LogDevObjectVersion:   Dev-ReflectionCapture (6B266CEC-1EC7-4B8F-A30B-E4D90942FC07): 1
LogDevObjectVersion:   Dev-Automation (0DF73D61-A23F-47EA-B727-89E90C41499A): 1
LogDevObjectVersion:   FortniteMain (601D1886-AC64-4F84-AA16-D3DE0DEAC7D6): 12
LogDevObjectVersion:   Dev-Enterprise (9DFFBCD6-494F-0158-E221-12823C92A888): 1
LogStreaming: Display: Took  0.001s to delete old logs.
LogInit: Presizing for max 8388607 objects, including 0 objects not considered by GC, pre-allocating 0 bytes for permanent pool.
LogInit: Object subsystem initialized
[2019.01.16-21.12.06:117][  0]LogInit: Selected Device Profile: [Windows]
[2019.01.16-21.12.06:117][  0]LogInit: Applying CVar settings loaded from the selected device profile: [Windows]
[2019.01.16-21.12.06:134][  0]LogHAL: Display: Platform has ~ 16 GB [17133690880 / 17179869184 / 16], which maps to Larger [LargestMinGB=32, LargerMinGB=12, DefaultMinGB=8, SmallerMinGB=6, SmallestMinGB=0)
[2019.01.16-21.12.06:135][  0]LogInit: Setting Device Profile CVar: [[r.Vulkan.UseRealUBs:1]]
[2019.01.16-21.12.06:135][  0]LogInit: Going up to parent DeviceProfile []
[2019.01.16-21.12.06:135][  0]LogInit: Computer: DESKTOP-HR3RDP2
[2019.01.16-21.12.06:135][  0]LogInit: User: pvtpr
[2019.01.16-21.12.06:135][  0]LogInit: CPU Page size=4096, Cores=4
[2019.01.16-21.12.06:135][  0]LogInit: High frequency timer resolution =2.742189 MHz
[2019.01.16-21.12.06:135][  0]LogMemory: Memory total: Physical=16.0GB (16GB approx)
[2019.01.16-21.12.06:135][  0]LogMemory: Platform Memory Stats for Windows
[2019.01.16-21.12.06:135][  0]LogMemory: Process Physical Memory: 99.36 MB used, 99.36 MB peak
[2019.01.16-21.12.06:135][  0]LogMemory: Process Virtual Memory: 90.95 MB used, 90.95 MB peak
[2019.01.16-21.12.06:135][  0]LogMemory: Physical Memory: 6654.87 MB used,  9685.09 MB free, 16339.96 MB total
[2019.01.16-21.12.06:135][  0]LogMemory: Virtual Memory: 4645.25 MB used,  9685.09 MB free, 134217728.00 MB total
[2019.01.16-21.12.06:567][  0]LogInit: Using OS detected language (en-US).
[2019.01.16-21.12.06:567][  0]LogInit: Using OS detected locale (en-US).
[2019.01.16-21.12.06:568][  0]LogTextLocalizationManager: No specific localization for 'en-US' exists, so the 'en' localization will be used.
[2019.01.16-21.12.06:918][  0]LogStreaming: Display: Took  0.351s to InitEngineTextLocalization.
[2019.01.16-21.12.06:918][  0]LogInit: Setting process to per monitor DPI aware
[2019.01.16-21.12.06:956][  0]LogSlate: New Slate User Created.  User Index 0, Is Virtual User: 0
[2019.01.16-21.12.06:956][  0]LogSlate: Slate User Registered.  User Index 0, Is Virtual User: 0
[2019.01.16-21.12.07:235][  0]LogHMD: Failed to initialize OpenVR with code 110
[2019.01.16-21.12.07:235][  0]LogD3D11RHI: D3D11 adapters:
[2019.01.16-21.12.07:304][  0]LogD3D11RHI:    0. 'NVIDIA GeForce GTX 1060' (Feature Level 11_0)
[2019.01.16-21.12.07:304][  0]LogD3D11RHI:       2987/0/8169 MB DedicatedVideo/DedicatedSystem/SharedSystem, Outputs:1, VendorId:0x10de
[2019.01.16-21.12.07:306][  0]LogD3D11RHI:    1. 'Microsoft Basic Render Driver' (Feature Level 11_0)
[2019.01.16-21.12.07:306][  0]LogD3D11RHI:       0/0/8169 MB DedicatedVideo/DedicatedSystem/SharedSystem, Outputs:0, VendorId:0x1414
[2019.01.16-21.12.07:306][  0]LogD3D11RHI: Chosen D3D11 Adapter: 0
[2019.01.16-21.12.07:312][  0]LogD3D11RHI: Creating new Direct3DDevice
[2019.01.16-21.12.07:312][  0]LogD3D11RHI:     GPU DeviceId: 0x1c60 (for the marketing name, search the web for "GPU Device Id")
[2019.01.16-21.12.07:313][  0]LogWindows: EnumDisplayDevices:
[2019.01.16-21.12.07:313][  0]LogWindows:    0. 'NVIDIA GeForce GTX 1060' (P:1 D:1)
[2019.01.16-21.12.07:313][  0]LogWindows:    1. 'NVIDIA GeForce GTX 1060' (P:0 D:0)
[2019.01.16-21.12.07:313][  0]LogWindows:    2. 'NVIDIA GeForce GTX 1060' (P:0 D:0)
[2019.01.16-21.12.07:313][  0]LogWindows:    3. 'NVIDIA GeForce GTX 1060' (P:0 D:0)
[2019.01.16-21.12.07:313][  0]LogWindows: DebugString: FoundDriverCount:4 
[2019.01.16-21.12.07:313][  0]LogD3D11RHI:     Adapter Name: NVIDIA GeForce GTX 1060
[2019.01.16-21.12.07:313][  0]LogD3D11RHI:   Driver Version: 399.24 (internal:24.21.13.9924, unified:399.24)
[2019.01.16-21.12.07:313][  0]LogD3D11RHI:      Driver Date: 9-5-2018
[2019.01.16-21.12.07:313][  0]LogRHI: Texture pool is 2090 MB (70% of 2987 MB)
[2019.01.16-21.12.07:350][  0]LogD3D11RHI: Async texture creation enabled
[2019.01.16-21.12.07:367][  0]LogD3D11RHI: GPU Timing Frequency: 1000.000000 (Debug: 2 2)
[2019.01.16-21.12.07:414][  0]LogShaderCompilers: Guid format shader working directory is -33 characters bigger than the processId version (../../../../ASchool Work/Asset Pipeline/BJM_AssetPipeline/BJM_WhiteBoxInClass2/Intermediate/Shaders/WorkingDirectory/20972/).
[2019.01.16-21.12.07:414][  0]LogShaderCompilers: Cleaned the shader compiler working directory 'C:/Users/pvtpr/AppData/Local/Temp/UnrealShaderWorkingDir/90354A9942F581CA0CB619BC94CA4B1B/'.
[2019.01.16-21.12.07:763][  0]LogTemp: Display: Loaded TP AllDesktopTargetPlatform
[2019.01.16-21.12.07:775][  0]LogTemp: Display: Loaded TP MacClientTargetPlatform
[2019.01.16-21.12.07:788][  0]LogTemp: Display: Loaded TP MacNoEditorTargetPlatform
[2019.01.16-21.12.07:801][  0]LogTemp: Display: Loaded TP MacServerTargetPlatform
[2019.01.16-21.12.07:815][  0]LogTemp: Display: Loaded TP MacTargetPlatform
[2019.01.16-21.12.07:828][  0]LogTemp: Display: Loaded TP WindowsClientTargetPlatform
[2019.01.16-21.12.07:841][  0]LogTemp: Display: Loaded TP WindowsNoEditorTargetPlatform
[2019.01.16-21.12.07:855][  0]LogTemp: Display: Loaded TP WindowsServerTargetPlatform
[2019.01.16-21.12.07:861][  0]LogTemp: Display: Loaded TP WindowsTargetPlatform
[2019.01.16-21.12.07:945][  0]LogTemp: Display: Loaded TP AndroidTargetPlatform
[2019.01.16-21.12.07:945][  0]LogTemp: Display: Loaded TP AndroidTargetPlatform
[2019.01.16-21.12.07:945][  0]LogTemp: Display: Loaded TP AndroidTargetPlatform
[2019.01.16-21.12.07:945][  0]LogTemp: Display: Loaded TP AndroidTargetPlatform
[2019.01.16-21.12.07:945][  0]LogTemp: Display: Loaded TP AndroidTargetPlatform
[2019.01.16-21.12.07:945][  0]LogTemp: Display: Loaded TP AndroidTargetPlatform
[2019.01.16-21.12.07:945][  0]LogTemp: Display: Loaded TP AndroidTargetPlatform
[2019.01.16-21.12.07:945][  0]LogTemp: Display: Loaded TP AndroidTargetPlatform
[2019.01.16-21.12.07:945][  0]LogTemp: Display: Loaded TP AndroidTargetPlatform
[2019.01.16-21.12.07:945][  0]LogTemp: Display: Loaded TP AndroidTargetPlatform
[2019.01.16-21.12.07:945][  0]LogTemp: Display: Loaded TP AndroidTargetPlatform
[2019.01.16-21.12.07:945][  0]LogTemp: Display: Loaded TP AndroidTargetPlatform
[2019.01.16-21.12.07:945][  0]LogTemp: Display: Loaded TP AndroidTargetPlatform
[2019.01.16-21.12.07:945][  0]LogTemp: Display: Loaded TP AndroidTargetPlatform
[2019.01.16-21.12.07:945][  0]LogTemp: Display: Loaded TP AndroidTargetPlatform
[2019.01.16-21.12.07:945][  0]LogTemp: Display: Loaded TP AndroidTargetPlatform
[2019.01.16-21.12.07:945][  0]LogTemp: Display: Loaded TP AndroidTargetPlatform
[2019.01.16-21.12.07:945][  0]LogTemp: Display: Loaded TP AndroidTargetPlatform
[2019.01.16-21.12.07:947][  0]LogTemp: Display: Loaded TP HTML5TargetPlatform
[2019.01.16-21.12.08:013][  0]LogTemp: Display: Loaded TP IOSTargetPlatform
[2019.01.16-21.12.08:013][  0]LogTemp: Display: Loaded TP IOSTargetPlatform
[2019.01.16-21.12.08:048][  0]LogTemp: Display: Loaded TP TVOSTargetPlatform
[2019.01.16-21.12.08:048][  0]LogTemp: Display: Loaded TP TVOSTargetPlatform
[2019.01.16-21.12.08:061][  0]LogTemp: Display: Loaded TP LinuxClientTargetPlatform
[2019.01.16-21.12.08:073][  0]LogTemp: Display: Loaded TP LinuxNoEditorTargetPlatform
[2019.01.16-21.12.08:085][  0]LogTemp: Display: Loaded TP LinuxServerTargetPlatform
[2019.01.16-21.12.08:098][  0]LogTemp: Display: Loaded TP LinuxTargetPlatform
[2019.01.16-21.12.08:108][  0]LogTemp: Display: Loaded TP LuminTargetPlatform
[2019.01.16-21.12.08:108][  0]LogTargetPlatformManager: Display: Building Assets For Windows
[2019.01.16-21.12.08:168][  0]LogXGEController: Cannot use XGE Controller as Incredibuild is not installed on this machine.
[2019.01.16-21.12.08:168][  0]LogShaderCompilers: Cannot use XGE Shader Compiler as Incredibuild is not installed on this machine.
[2019.01.16-21.12.08:168][  0]LogShaderCompilers: Display: Using Local Shader Compiler.
[2019.01.16-21.12.08:981][  0]LogDerivedDataCache: Display: Max Cache Size: 512 MB
[2019.01.16-21.12.09:034][  0]LogDerivedDataCache: Loaded boot cache 0.05s 71MB C:/Users/pvtpr/AppData/Local/UnrealEngine/4.20/DerivedDataCache/Boot.ddc.
[2019.01.16-21.12.09:035][  0]LogDerivedDataCache: Display: Loaded Boot cache: C:/Users/pvtpr/AppData/Local/UnrealEngine/4.20/DerivedDataCache/Boot.ddc
[2019.01.16-21.12.09:035][  0]LogDerivedDataCache: FDerivedDataBackendGraph:  Pak pak cache file ../../../../ASchool Work/Asset Pipeline/BJM_AssetPipeline/BJM_WhiteBoxInClass2/DerivedDataCache/DDC.ddp not found, will not use a pak cache.
[2019.01.16-21.12.09:035][  0]LogDerivedDataCache: Unable to find inner node Pak for hierarchical cache Hierarchy.
[2019.01.16-21.12.09:035][  0]LogDerivedDataCache: FDerivedDataBackendGraph:  CompressedPak pak cache file ../../../../ASchool Work/Asset Pipeline/BJM_AssetPipeline/BJM_WhiteBoxInClass2/DerivedDataCache/Compressed.ddp not found, will not use a pak cache.
[2019.01.16-21.12.09:035][  0]LogDerivedDataCache: Unable to find inner node CompressedPak for hierarchical cache Hierarchy.
[2019.01.16-21.12.09:048][  0]LogDerivedDataCache: Display: Pak cache opened for reading ../../../Engine/DerivedDataCache/Compressed.ddp.
[2019.01.16-21.12.09:061][  0]LogDerivedDataCache: Using Local data cache path C:/Users/pvtpr/AppData/Local/UnrealEngine/Common/DerivedDataCache: Writable
[2019.01.16-21.12.09:061][  0]LogDerivedDataCache: Shared data cache path not found in *engine.ini, will not use an Shared cache.
[2019.01.16-21.12.09:061][  0]LogDerivedDataCache: Unable to find inner node Shared for hierarchical cache Hierarchy.
[2019.01.16-21.12.09:086][  0]LogMaterial: Verifying Global Shaders for PCD3D_SM5
[2019.01.16-21.12.09:089][  0]LogSlate: Using FreeType 2.6.0
[2019.01.16-21.12.09:090][  0]LogSlate: SlateFontServices - WITH_FREETYPE: 1, WITH_HARFBUZZ: 1
[2019.01.16-21.12.09:175][  0]LogAssetRegistry: FAssetRegistry took 0.0263 seconds to start up
[2019.01.16-21.12.09:506][  0]LogInit: Selected Device Profile: [Windows]
[2019.01.16-21.12.09:687][  0]LogSimplygon: Simplygon DLL not present - disabling.
[2019.01.16-21.12.09:690][  0]LogMeshReduction: Using SimplygonSwarm for distributed automatic mesh merging
[2019.01.16-21.12.09:690][  0]LogMeshReduction: Using ProxyLODMeshReduction for automatic mesh merging
[2019.01.16-21.12.09:690][  0]LogMeshReduction: Using QuadricMeshReduction for automatic static mesh reduction
[2019.01.16-21.12.09:690][  0]LogMeshReduction: No automatic skeletal mesh reduction module available
[2019.01.16-21.12.09:705][  0]LogNetVersion: BJM_WhiteBoxInClass2 1.0.0, NetCL: 4212847, EngineNetVer: 5, GameNetVer: 0 (Checksum: 1035979395)
[2019.01.16-21.12.10:242][  0]LogPackageLocalizationCache: Processed 11 localized package path(s) for 2 prioritized culture(s) in 0.102341 seconds
[2019.01.16-21.12.10:249][  0]LogUObjectArray: 38425 objects as part of root set at end of initial load.
[2019.01.16-21.12.10:249][  0]LogUObjectAllocator: 6690864 out of 0 bytes used by permanent object pool.
[2019.01.16-21.12.10:249][  0]LogUObjectArray: CloseDisregardForGC: 0/0 objects in disregard for GC pool
[2019.01.16-21.12.11:201][  0]LogTcpMessaging: Initializing TcpMessaging bridge
[2019.01.16-21.12.11:215][  0]LogUdpMessaging: Initializing bridge on interface 0.0.0.0:0 to multicast group 230.0.0.1:6666.
[2019.01.16-21.12.11:469][  0]SourceControl: Source control is disabled
[2019.01.16-21.12.11:469][  0]SourceControl: Source control is disabled
[2019.01.16-21.12.11:471][  0]SourceControl: Source control is disabled
[2019.01.16-21.12.11:472][  0]SourceControl: Source control is disabled
[2019.01.16-21.12.11:692][  0]LogAndroidPermission: UAndroidPermissionCallbackProxy::GetInstance
[2019.01.16-21.12.11:744][  0]LogOcInput: OculusInput pre-init called
[2019.01.16-21.12.11:833][  0]LogEngine: Initializing Engine...
[2019.01.16-21.12.11:834][  0]LogHMD: Failed to initialize OpenVR with code 110
[2019.01.16-21.12.11:835][  0]LogStats: UGameplayTagsManager::ConstructGameplayTagTree: ImportINI prefixes -  0.000 s
[2019.01.16-21.12.11:835][  0]LogStats: UGameplayTagsManager::ConstructGameplayTagTree: Construct from data asset -  0.000 s
[2019.01.16-21.12.11:835][  0]LogStats: UGameplayTagsManager::ConstructGameplayTagTree: ImportINI -  0.000 s
[2019.01.16-21.12.11:835][  0]LogStats: UGameplayTagsManager::ConstructGameplayTagTree: GameplayTagTreeChangedEvent.Broadcast -  0.000 s
[2019.01.16-21.12.12:118][  0]LogInit: Initializing FReadOnlyCVARCache
[2019.01.16-21.12.12:128][  0]LogAIModule: Creating AISystem for world Untitled
[2019.01.16-21.12.12:136][  0]LogInit: XAudio2 using 'Speakers (Realtek High Definition Audio)' : 6 channels at 48 kHz using 32 bits per sample (channel mask 0x3f)
[2019.01.16-21.12.12:419][  0]LogInit: FAudioDevice initialized.
[2019.01.16-21.12.12:420][  0]LogNetVersion: Set ProjectVersion to 1.0.0.0. Version Checksum will be recalculated on next use.
[2019.01.16-21.12.12:597][  0]LogDerivedDataCache: Saved boot cache 0.18s 71MB C:/Users/pvtpr/AppData/Local/UnrealEngine/4.20/DerivedDataCache/Boot.ddc.
[2019.01.16-21.12.12:609][  0]LogInit: Texture streaming: Enabled
[2019.01.16-21.12.12:622][  0]LogEngineSessionManager: EngineSessionManager initialized
[2019.01.16-21.12.12:637][  0]LogInit: Transaction tracking system initialized
[2019.01.16-21.12.12:655][  0]BlueprintLog: New page: Editor Load
[2019.01.16-21.12.12:724][  0]LocalizationService: Localization service is disabled
[2019.01.16-21.12.13:022][  0]LogCook: Display: Max memory allowance for cook 16384mb min free memory 0mb
[2019.01.16-21.12.13:022][  0]LogCook: Display: Mobile HDR setting 1
[2019.01.16-21.12.13:022][  0]LogGameplayTags: Display: UGameplayTagsManager::DoneAddingNativeTags. DelegateIsBound: 0
[2019.01.16-21.12.13:022][  0]LogStats: UGameplayTagsManager::ConstructGameplayTagTree: ImportINI prefixes -  0.000 s
[2019.01.16-21.12.13:022][  0]LogStats: UGameplayTagsManager::ConstructGameplayTagTree: Construct from data asset -  0.000 s
[2019.01.16-21.12.13:022][  0]LogFileCache: Scanning file cache for directory 'D:/ASchool Work/Asset Pipeline/BJM_AssetPipeline/BJM_WhiteBoxInClass2/Content/' took 0.01s
[2019.01.16-21.12.13:022][  0]LogStats: UGameplayTagsManager::ConstructGameplayTagTree: ImportINI -  0.000 s
[2019.01.16-21.12.13:022][  0]LogStats: UGameplayTagsManager::ConstructGameplayTagTree: GameplayTagTreeChangedEvent.Broadcast -  0.000 s
[2019.01.16-21.12.13:142][  0]SourceControl: Source control is disabled
[2019.01.16-21.12.13:142][  0]Cmd: MAP LOAD FILE="../../../Engine/Content/Maps/Templates/Template_Default.umap" TEMPLATE=1 SHOWPROGRESS=1 FEATURELEVEL=3
[2019.01.16-21.12.13:143][  0]LightingResults: New page: Lighting Build
[2019.01.16-21.12.13:145][  0]MapCheck: New page: Map Check
[2019.01.16-21.12.13:145][  0]LightingResults: New page: Lighting Build
[2019.01.16-21.12.13:360][  0]LogAIModule: Creating AISystem for world Untitled_1
[2019.01.16-21.12.13:368][  0]LogEditorServer: Finished looking for orphan Actors (0.000 secs)
[2019.01.16-21.12.13:390][  0]Cmd: MAP CHECKDEP NOCLEARLOG
[2019.01.16-21.12.13:527][  0]MapCheck: Map check complete: 0 Error(s), 0 Warning(s), took 136.976ms to complete.
[2019.01.16-21.12.13:528][  0]LogFileHelpers: Loading map 'Template_Default' took 0.386
[2019.01.16-21.12.13:711][  0]LogSlate: Updating window title bar state: overlay mode, drag disabled, window buttons hidden, title bar hidden
[2019.01.16-21.12.13:717][  0]LogSlate: Updating window title bar state: overlay mode, drag disabled, window buttons hidden, title bar hidden
[2019.01.16-21.12.13:724][  0]LogSlate: Updating window title bar state: overlay mode, drag disabled, window buttons hidden, title bar hidden
[2019.01.16-21.12.13:732][  0]LogSlate: Updating window title bar state: overlay mode, drag disabled, window buttons hidden, title bar hidden
[2019.01.16-21.12.13:737][  0]LogCollectionManager: Loaded 0 collections in 0.001124 seconds
[2019.01.16-21.12.13:779][  0]LogFileCache: Scanning file cache for directory 'D:/ASchool Work/Asset Pipeline/BJM_AssetPipeline/BJM_WhiteBoxInClass2/Saved/Collections/' took 0.01s
[2019.01.16-21.12.13:779][  0]LogFileCache: Scanning file cache for directory 'D:/ASchool Work/Asset Pipeline/BJM_AssetPipeline/BJM_WhiteBoxInClass2/Content/Developers/pvtpr/Collections/' took 0.01s
[2019.01.16-21.12.13:779][  0]LogFileCache: Scanning file cache for directory 'D:/ASchool Work/Asset Pipeline/BJM_AssetPipeline/BJM_WhiteBoxInClass2/Content/Collections/' took 0.01s
[2019.01.16-21.12.13:779][  0]LogCollectionManager: Rebuilt the GUID cache for 0 collections in 0.000001 seconds
[2019.01.16-21.12.13:806][  0]LogContentBrowser: Native class hierarchy populated in 0.0271 seconds. Added 2572 classes and 603 folders.
[2019.01.16-21.12.13:821][  0]LogContentBrowser: Native class hierarchy updated for 'WidgetCarousel' in 0.0004 seconds. Added 0 classes and 0 folders.
[2019.01.16-21.12.13:905][  0]LogContentBrowser: Native class hierarchy updated for 'AddContentDialog' in 0.0003 seconds. Added 0 classes and 0 folders.
[2019.01.16-21.12.13:909][  0]LogContentBrowser: Native class hierarchy updated for 'SceneOutliner' in 0.0003 seconds. Added 1 classes and 2 folders.
[2019.01.16-21.12.13:925][  0]LogSlate: Took 0.000249 seconds to synchronously load lazily loaded font '../../../Engine/Content/Slate/Fonts/Roboto-Regular.ttf' (155K)
[2019.01.16-21.12.13:929][  0]LogSlate: Took 0.000703 seconds to synchronously load lazily loaded font '../../../Engine/Content/Slate/Fonts/Roboto-Bold.ttf' (160K)
[2019.01.16-21.12.13:934][  0]LogSlate: Took 0.000267 seconds to synchronously load lazily loaded font '../../../Engine/Content/Editor/Slate/Fonts/FontAwesome.ttf' (139K)
[2019.01.16-21.12.14:010][  0]LogRenderer: Reallocating scene render targets to support 968x488 Format 10 NumSamples 1 (Frame:1).
[2019.01.16-21.12.14:114][  0]LogContentBrowser: Native class hierarchy updated for 'HierarchicalLODOutliner' in 0.0003 seconds. Added 0 classes and 0 folders.
[2019.01.16-21.12.14:115][  0]LogLoad: (Engine Initialization) Total time: 10.08 seconds
[2019.01.16-21.12.14:115][  0]LogLoad: (Engine Initialization) Total Blueprint compile time: 0.00 seconds
[2019.01.16-21.12.14:125][  0]LogWindowsTextInputMethodSystem: Display: IME system now deactivated.
[2019.01.16-21.12.14:145][  0]LogAssetRegistry: Asset discovery search completed in 4.9913 seconds
[2019.01.16-21.12.14:147][  0]LogCollectionManager: Rebuilt the object cache for 0 collections in 0.000000 seconds (found 0 objects)
[2019.01.16-21.12.14:147][  0]LogCollectionManager: Fixed up redirectors for 0 collections in 0.000115 seconds (updated 0 objects)
[2019.01.16-21.12.14:148][  0]LogContentStreaming: Texture pool size now 1000 MB
[2019.01.16-21.12.14:198][  0]LogSlate: Took 0.000260 seconds to synchronously load lazily loaded font '../../../Engine/Content/Slate/Fonts/Roboto-Light.ttf' (167K)
[2019.01.16-21.12.15:185][108]LogSlate: Took 0.000535 seconds to synchronously load lazily loaded font '../../../Engine/Content/Slate/Fonts/Roboto-Light.ttf' (167K)
[2019.01.16-21.12.16:471][258]LogSlate: FSceneViewport::OnFocusLost() reason 0
[2019.01.16-21.12.16:902][276]LogAIModule: Creating AISystem for world WhiteBox_InClass
[2019.01.16-21.12.16:947][276]LogAssetEditorManager: Opening Asset editor for World /Game/WhiteBox_InClass.WhiteBox_InClass
[2019.01.16-21.12.16:969][276]Cmd: MAP LOAD FILE="../../../../ASchool Work/Asset Pipeline/BJM_AssetPipeline/BJM_WhiteBoxInClass2/Content/WhiteBox_InClass.umap" TEMPLATE=0 SHOWPROGRESS=1 FEATURELEVEL=3
[2019.01.16-21.12.16:969][276]LightingResults: New page: Lighting Build
[2019.01.16-21.12.16:970][276]LoadErrors: New page: Loading map: WhiteBox_InClass.umap
[2019.01.16-21.12.16:970][276]MapCheck: New page: Map Check
[2019.01.16-21.12.16:970][276]LightingResults: New page: Lighting Build
[2019.01.16-21.12.17:002][276]LogEditorServer: Finished looking for orphan Actors (0.000 secs)
[2019.01.16-21.12.17:047][276]Cmd: MAP CHECKDEP NOCLEARLOG
[2019.01.16-21.12.17:185][276]MapCheck: Map check complete: 0 Error(s), 0 Warning(s), took 137.632ms to complete.
[2019.01.16-21.12.17:186][276]LogFileHelpers: Loading map 'WhiteBox_InClass' took 0.218
[2019.01.16-21.12.39:384][843]LogAIModule: Creating AISystem for world WhiteBox_InClassReal
[2019.01.16-21.12.53:327][ 98]LogSlate: FSceneViewport::OnFocusLost() reason 0
[2019.01.16-21.12.53:445][105]LogAssetEditorManager: Opening Asset editor for Material /Game/M_WBGrass_BJM.M_WBGrass_BJM
[2019.01.16-21.12.53:448][105]LogMaterial: Display: Missing cached shader map for material M_WBGrass_BJM, compiling. 
[2019.01.16-21.12.53:807][105]LogMaterial: Display: Missing cached shader map for material M_WBGrass_BJM, compiling. 
[2019.01.16-21.12.53:821][105]LogMaterial: Display: Missing cached shader map for material M_WBGrass_BJM, compiling. 
[2019.01.16-21.12.53:849][105]LogShaderCompilers: Display: Shaders left to compile 21
[2019.01.16-21.12.53:849][105]LogShaderCompilers: Display: Shaders left to compile 20
[2019.01.16-21.12.53:849][105]LogShaderCompilers: Display: Shaders left to compile 19
[2019.01.16-21.12.53:849][105]LogShaderCompilers: Display: Shaders left to compile 18
[2019.01.16-21.12.53:861][105]LogMaterial: Display: Missing cached shader map for material FMatExpressionPreview MaterialExpressionVectorParameter_0, compiling. 
[2019.01.16-21.12.53:902][105]LogSlate: Took 0.000346 seconds to synchronously load lazily loaded font '../../../Engine/Content/Slate/Fonts/Roboto-BoldCondensed.ttf' (158K)
[2019.01.16-21.12.54:158][113]LogSlate: Took 0.000466 seconds to synchronously load lazily loaded font '../../../Engine/Content/Slate/Fonts/Roboto-Italic.ttf' (157K)
[2019.01.16-21.12.54:699][154]LogShaderCompilers: Display: Shaders left to compile 19
[2019.01.16-21.12.54:739][157]LogShaderCompilers: Display: Shaders left to compile 18
[2019.01.16-21.12.54:995][174]LogShaderCompilers: Display: Shaders left to compile 17
[2019.01.16-21.12.55:107][181]LogShaderCompilers: Display: Shaders left to compile 16
[2019.01.16-21.12.55:162][185]LogShaderCompilers: Display: Shaders left to compile 15
[2019.01.16-21.12.55:189][187]LogShaderCompilers: Display: Shaders left to compile 14
[2019.01.16-21.12.55:390][200]LogShaderCompilers: Display: Shaders left to compile 13
[2019.01.16-21.12.55:445][204]LogShaderCompilers: Display: Shaders left to compile 12
[2019.01.16-21.12.55:578][214]LogShaderCompilers: Display: Shaders left to compile 11
[2019.01.16-21.12.56:149][254]LogShaderCompilers: Display: Shaders left to compile 10
[2019.01.16-21.12.56:458][274]LogShaderCompilers: Display: Shaders left to compile 9
[2019.01.16-21.12.56:458][274]LogShaderCompilers: Display: Shaders left to compile 8
[2019.01.16-21.12.56:727][291]LogShaderCompilers: Display: Shaders left to compile 7
[2019.01.16-21.12.56:956][308]LogShaderCompilers: Display: Shaders left to compile 6
[2019.01.16-21.12.56:982][310]LogShaderCompilers: Display: Shaders left to compile 5
[2019.01.16-21.12.57:318][332]LogShaderCompilers: Display: Shaders left to compile 4
[2019.01.16-21.12.57:533][349]LogShaderCompilers: Display: Shaders left to compile 3
[2019.01.16-21.12.57:757][365]LogShaderCompilers: Display: Shaders left to compile 2
[2019.01.16-21.12.58:167][400]LogShaderCompilers: Display: Shaders left to compile 1
[2019.01.16-21.12.58:306][413]MaterialEditorStats: Base pass shader: 101 instructions
[2019.01.16-21.12.58:306][413]MaterialEditorStats: Base pass shader with Volumetric Lightmap: 174 instructions
[2019.01.16-21.12.58:306][413]MaterialEditorStats: Base pass vertex shader: 32 instructions
[2019.01.16-21.12.58:306][413]MaterialEditorStats: Texture samplers: 3/16
[2019.01.16-21.16.40:557][ 81]LogSlate: FSceneViewport::OnFocusLost() reason 0
[2019.01.16-21.16.41:204][ 86]LogSavePackage: Moving '../../../../ASchool Work/Asset Pipeline/BJM_AssetPipeline/BJM_WhiteBoxInClass2/Saved/WhiteBox_InClass23698D1C4C4708D79B83E392E49E1849.tmp' to '../../../../ASchool Work/Asset Pipeline/BJM_AssetPipeline/BJM_WhiteBoxInClass2/Content/WhiteBox_InClass.umap'
[2019.01.16-21.16.41:254][ 86]Cmd: OBJ SAVEPACKAGE PACKAGE="/Game/WhiteBox_InClass_BuiltData" FILE="../../../../ASchool Work/Asset Pipeline/BJM_AssetPipeline/BJM_WhiteBoxInClass2/Content/WhiteBox_InClass_BuiltData.uasset" SILENT=true
[2019.01.16-21.16.41:285][ 86]LogSavePackage: Moving '../../../../ASchool Work/Asset Pipeline/BJM_AssetPipeline/BJM_WhiteBoxInClass2/Saved/WhiteBox_InClass_BuiltDataBF372B6D4FDF4798D824DAB7B8587119.tmp' to '../../../../ASchool Work/Asset Pipeline/BJM_AssetPipeline/BJM_WhiteBoxInClass2/Content/WhiteBox_InClass_BuiltData.uasset'
